<?xml version="1.0" encoding="UTF-8"?>
<testng-results ignored="0" total="7" passed="7" failed="0" skipped="0">
  <reporter-output>
  </reporter-output>
  <suite started-at="2022-03-17T16:10:55 IST" name="Default suite" finished-at="2022-03-17T16:12:33 IST" duration-ms="98454">
    <groups>
    </groups>
    <test started-at="2022-03-17T16:10:55 IST" name="Default test" finished-at="2022-03-17T16:12:33 IST" duration-ms="98454">
      <class name="Omnitracs.SeleniumEasyDemo.DatePickerDemoTest">
        <test-method is-config="true" signature="config()[pri:0, instance:Omnitracs.SeleniumEasyDemo.DatePickerDemoTest@71ba6d4e]" started-at="2022-03-17T16:11:10 IST" name="config" finished-at="2022-03-17T16:11:10 IST" duration-ms="1" status="PASS">
          <reporter-output>
          </reporter-output>
        </test-method> <!-- config -->
        <test-method is-config="true" signature="initialSteps()[pri:0, instance:Omnitracs.SeleniumEasyDemo.DatePickerDemoTest@71ba6d4e]" started-at="2022-03-17T16:11:10 IST" name="initialSteps" finished-at="2022-03-17T16:11:27 IST" duration-ms="16758" status="PASS">
          <reporter-output>
          </reporter-output>
        </test-method> <!-- initialSteps -->
        <test-method is-config="true" signature="testDataFile()[pri:0, instance:Omnitracs.SeleniumEasyDemo.DatePickerDemoTest@71ba6d4e]" started-at="2022-03-17T16:11:27 IST" name="testDataFile" finished-at="2022-03-17T16:11:27 IST" duration-ms="1" status="PASS">
          <reporter-output>
          </reporter-output>
        </test-method> <!-- testDataFile -->
        <test-method signature="BootstrapDatePicker()[pri:0, instance:Omnitracs.SeleniumEasyDemo.DatePickerDemoTest@71ba6d4e]" started-at="2022-03-17T16:11:49 IST" name="BootstrapDatePicker" finished-at="2022-03-17T16:12:00 IST" duration-ms="10459" status="PASS">
          <reporter-output>
          </reporter-output>
        </test-method> <!-- BootstrapDatePicker -->
        <test-method is-config="true" signature="closeAllBrowsers()[pri:0, instance:Omnitracs.SeleniumEasyDemo.DatePickerDemoTest@71ba6d4e]" started-at="2022-03-17T16:12:31 IST" name="closeAllBrowsers" finished-at="2022-03-17T16:12:33 IST" duration-ms="1600" status="PASS">
          <reporter-output>
          </reporter-output>
        </test-method> <!-- closeAllBrowsers -->
        <test-method is-config="true" signature="tearDown()[pri:0, instance:Omnitracs.SeleniumEasyDemo.DatePickerDemoTest@71ba6d4e]" started-at="2022-03-17T16:12:35 IST" name="tearDown" finished-at="2022-03-17T16:12:35 IST" duration-ms="205" status="PASS">
          <reporter-output>
          </reporter-output>
        </test-method> <!-- tearDown -->
      </class> <!-- Omnitracs.SeleniumEasyDemo.DatePickerDemoTest -->
      <class name="Omnitracs.SeleniumEasyDemo.AlertsDemoTest">
        <test-method is-config="true" signature="config()[pri:0, instance:Omnitracs.SeleniumEasyDemo.AlertsDemoTest@750e2b97]" started-at="2022-03-17T16:10:55 IST" name="config" finished-at="2022-03-17T16:10:56 IST" duration-ms="564" status="PASS">
          <reporter-output>
          </reporter-output>
        </test-method> <!-- config -->
        <test-method is-config="true" signature="initialSteps()[pri:0, instance:Omnitracs.SeleniumEasyDemo.AlertsDemoTest@750e2b97]" started-at="2022-03-17T16:10:56 IST" name="initialSteps" finished-at="2022-03-17T16:11:10 IST" duration-ms="14823" status="PASS">
          <reporter-output>
          </reporter-output>
        </test-method> <!-- initialSteps -->
        <test-method is-config="true" signature="testDataFile()[pri:0, instance:Omnitracs.SeleniumEasyDemo.AlertsDemoTest@750e2b97]" started-at="2022-03-17T16:11:10 IST" name="testDataFile" finished-at="2022-03-17T16:11:10 IST" duration-ms="1" status="PASS">
          <reporter-output>
          </reporter-output>
        </test-method> <!-- testDataFile -->
        <test-method signature="javaScriptAlertDemo()[pri:0, instance:Omnitracs.SeleniumEasyDemo.AlertsDemoTest@750e2b97]" started-at="2022-03-17T16:12:00 IST" name="javaScriptAlertDemo" finished-at="2022-03-17T16:12:13 IST" duration-ms="13863" status="PASS">
          <reporter-output>
          </reporter-output>
        </test-method> <!-- javaScriptAlertDemo -->
        <test-method is-config="true" signature="closeAllBrowsers()[pri:0, instance:Omnitracs.SeleniumEasyDemo.AlertsDemoTest@750e2b97]" started-at="2022-03-17T16:12:29 IST" name="closeAllBrowsers" finished-at="2022-03-17T16:12:31 IST" duration-ms="1884" status="PASS">
          <reporter-output>
          </reporter-output>
        </test-method> <!-- closeAllBrowsers -->
        <test-method is-config="true" signature="tearDown()[pri:0, instance:Omnitracs.SeleniumEasyDemo.AlertsDemoTest@750e2b97]" started-at="2022-03-17T16:12:34 IST" name="tearDown" finished-at="2022-03-17T16:12:35 IST" duration-ms="1216" status="PASS">
          <reporter-output>
          </reporter-output>
        </test-method> <!-- tearDown -->
      </class> <!-- Omnitracs.SeleniumEasyDemo.AlertsDemoTest -->
      <class name="Omnitracs.SeleniumEasyDemo.InputFormDemoTest">
        <test-method is-config="true" signature="config()[pri:0, instance:Omnitracs.SeleniumEasyDemo.InputFormDemoTest@3e27aa33]" started-at="2022-03-17T16:11:27 IST" name="config" finished-at="2022-03-17T16:11:27 IST" duration-ms="1" status="PASS">
          <reporter-output>
          </reporter-output>
        </test-method> <!-- config -->
        <test-method is-config="true" signature="initialSteps()[pri:0, instance:Omnitracs.SeleniumEasyDemo.InputFormDemoTest@3e27aa33]" started-at="2022-03-17T16:11:27 IST" name="initialSteps" finished-at="2022-03-17T16:11:49 IST" duration-ms="21887" status="PASS">
          <reporter-output>
          </reporter-output>
        </test-method> <!-- initialSteps -->
        <test-method is-config="true" signature="testDataFile()[pri:0, instance:Omnitracs.SeleniumEasyDemo.InputFormDemoTest@3e27aa33]" started-at="2022-03-17T16:11:49 IST" name="testDataFile" finished-at="2022-03-17T16:11:49 IST" duration-ms="0" status="PASS">
          <reporter-output>
          </reporter-output>
        </test-method> <!-- testDataFile -->
        <test-method signature="checkBoxDemo()[pri:0, instance:Omnitracs.SeleniumEasyDemo.InputFormDemoTest@3e27aa33]" started-at="2022-03-17T16:12:13 IST" name="checkBoxDemo" finished-at="2022-03-17T16:12:16 IST" duration-ms="2511" status="PASS">
          <reporter-output>
          </reporter-output>
        </test-method> <!-- checkBoxDemo -->
        <test-method signature="dropDownDemo()[pri:0, instance:Omnitracs.SeleniumEasyDemo.InputFormDemoTest@3e27aa33]" started-at="2022-03-17T16:12:16 IST" name="dropDownDemo" finished-at="2022-03-17T16:12:18 IST" duration-ms="2394" status="PASS">
          <reporter-output>
          </reporter-output>
        </test-method> <!-- dropDownDemo -->
        <test-method signature="inputFormDemo()[pri:0, instance:Omnitracs.SeleniumEasyDemo.InputFormDemoTest@3e27aa33]" started-at="2022-03-17T16:12:18 IST" name="inputFormDemo" finished-at="2022-03-17T16:12:24 IST" duration-ms="5958" status="PASS">
          <reporter-output>
          </reporter-output>
        </test-method> <!-- inputFormDemo -->
        <test-method signature="radioButtonDemo()[pri:0, instance:Omnitracs.SeleniumEasyDemo.InputFormDemoTest@3e27aa33]" started-at="2022-03-17T16:12:24 IST" name="radioButtonDemo" finished-at="2022-03-17T16:12:27 IST" duration-ms="2195" status="PASS">
          <reporter-output>
          </reporter-output>
        </test-method> <!-- radioButtonDemo -->
        <test-method signature="sampleInputFormDemo()[pri:0, instance:Omnitracs.SeleniumEasyDemo.InputFormDemoTest@3e27aa33]" started-at="2022-03-17T16:12:27 IST" name="sampleInputFormDemo" finished-at="2022-03-17T16:12:29 IST" duration-ms="2698" status="PASS">
          <reporter-output>
          </reporter-output>
        </test-method> <!-- sampleInputFormDemo -->
        <test-method is-config="true" signature="closeAllBrowsers()[pri:0, instance:Omnitracs.SeleniumEasyDemo.InputFormDemoTest@3e27aa33]" started-at="2022-03-17T16:12:33 IST" name="closeAllBrowsers" finished-at="2022-03-17T16:12:33 IST" duration-ms="701" status="PASS">
          <reporter-output>
          </reporter-output>
        </test-method> <!-- closeAllBrowsers -->
        <test-method is-config="true" signature="tearDown()[pri:0, instance:Omnitracs.SeleniumEasyDemo.InputFormDemoTest@3e27aa33]" started-at="2022-03-17T16:12:35 IST" name="tearDown" finished-at="2022-03-17T16:12:35 IST" duration-ms="213" status="PASS">
          <reporter-output>
          </reporter-output>
        </test-method> <!-- tearDown -->
      </class> <!-- Omnitracs.SeleniumEasyDemo.InputFormDemoTest -->
    </test> <!-- Default test -->
  </suite> <!-- Default suite -->
</testng-results>
