<?xml version="1.0" encoding="UTF-8"?>
<!-- Generated by org.testng.reporters.JUnitXMLReporter -->
<testsuite ignored="0" hostname="DESKTOP-OF337GC" failures="0" tests="7" name="Default test" time="98.454" errors="0" timestamp="2022-03-17T16:12:34 IST">
  <testcase classname="Omnitracs.SeleniumEasyDemo.DatePickerDemoTest" name="BootstrapDatePicker" time="10.459"/>
  <testcase classname="Omnitracs.SeleniumEasyDemo.AlertsDemoTest" name="javaScriptAlertDemo" time="13.863"/>
  <testcase classname="Omnitracs.SeleniumEasyDemo.InputFormDemoTest" name="checkBoxDemo" time="2.511"/>
  <testcase classname="Omnitracs.SeleniumEasyDemo.InputFormDemoTest" name="dropDownDemo" time="2.394"/>
  <testcase classname="Omnitracs.SeleniumEasyDemo.InputFormDemoTest" name="inputFormDemo" time="5.958"/>
  <testcase classname="Omnitracs.SeleniumEasyDemo.InputFormDemoTest" name="radioButtonDemo" time="2.195"/>
  <testcase classname="Omnitracs.SeleniumEasyDemo.InputFormDemoTest" name="sampleInputFormDemo" time="2.698"/>
</testsuite> <!-- Default test -->
