<?xml version="1.0" encoding="UTF-8"?>
<!-- Generated by org.testng.reporters.JUnitXMLReporter -->
<testsuite ignored="0" hostname="DESKTOP-OF337GC" failures="0" tests="7" name="Test" time="3.064" errors="0" timestamp="2022-03-04T11:27:46 IST">
  <testcase classname="Omnitracs.SeleniumEasyDemo.AlertsDemoTest" name="@BeforeTest initialSteps" time="2.074">
    <failure type="java.lang.NullPointerException" message="Cannot invoke &amp;quot;org.openqa.selenium.WebDriver.findElement(org.openqa.selenium.By)&amp;quot; because &amp;quot;Omnitracs.SeleniumEasyDemo.AlertsDemoTest.driver&amp;quot; is null">
      <![CDATA[java.lang.NullPointerException: Cannot invoke "org.openqa.selenium.WebDriver.findElement(org.openqa.selenium.By)" because "Omnitracs.SeleniumEasyDemo.AlertsDemoTest.driver" is null
at Omnitracs.SeleniumEasyDemo.AlertsDemoTest.initialSteps(AlertsDemoTest.java:87)
at java.base/java.util.concurrent.FutureTask.run(FutureTask.java:264)
at java.base/java.util.concurrent.ThreadPoolExecutor.runWorker(ThreadPoolExecutor.java:1130)
at java.base/java.util.concurrent.ThreadPoolExecutor$Worker.run(ThreadPoolExecutor.java:630)
at java.base/java.lang.Thread.run(Thread.java:831)
... Removed 15 stack frames]]>
    </failure>
  </testcase> <!-- @BeforeTest initialSteps -->
  <testcase classname="Omnitracs.SeleniumEasyDemo.AlertsDemoTest" name="@BeforeTest testDataFile" time="-1.646373465905E9">
    <skipped/>
  </testcase> <!-- @BeforeTest testDataFile -->
  <testcase classname="Omnitracs.SeleniumEasyDemo.DatePickerDemoTest" name="@BeforeTest config" time="-1.64637346591E9">
    <skipped/>
  </testcase> <!-- @BeforeTest config -->
  <testcase classname="Omnitracs.SeleniumEasyDemo.DatePickerDemoTest" name="@BeforeTest initialSteps" time="-1.646373465915E9">
    <skipped/>
  </testcase> <!-- @BeforeTest initialSteps -->
  <testcase classname="Omnitracs.SeleniumEasyDemo.DatePickerDemoTest" name="@BeforeTest testDataFile" time="-1.646373465918E9">
    <skipped/>
  </testcase> <!-- @BeforeTest testDataFile -->
  <testcase classname="Omnitracs.SeleniumEasyDemo.InputFormDemoTest" name="@BeforeTest config" time="-1.646373465921E9">
    <skipped/>
  </testcase> <!-- @BeforeTest config -->
  <testcase classname="Omnitracs.SeleniumEasyDemo.InputFormDemoTest" name="@BeforeTest initialSteps" time="-1.646373465926E9">
    <skipped/>
  </testcase> <!-- @BeforeTest initialSteps -->
  <testcase classname="Omnitracs.SeleniumEasyDemo.InputFormDemoTest" name="@BeforeTest testDataFile" time="-1.646373465929E9">
    <skipped/>
  </testcase> <!-- @BeforeTest testDataFile -->
  <testcase classname="Omnitracs.SeleniumEasyDemo.AlertsDemoTest" name="@AfterTest closeAllBrowsers" time="-1.64637346614E9">
    <skipped/>
  </testcase> <!-- @AfterTest closeAllBrowsers -->
  <testcase classname="Omnitracs.SeleniumEasyDemo.DatePickerDemoTest" name="@AfterTest closeAllBrowsers" time="-1.646373466142E9">
    <skipped/>
  </testcase> <!-- @AfterTest closeAllBrowsers -->
  <testcase classname="Omnitracs.SeleniumEasyDemo.InputFormDemoTest" name="@AfterTest closeAllBrowsers" time="-1.646373466144E9">
    <skipped/>
  </testcase> <!-- @AfterTest closeAllBrowsers -->
  <testcase classname="Omnitracs.SeleniumEasyDemo.AlertsDemoTest" name="javaScriptAlertDemo" time="0.0">
    <skipped/>
  </testcase> <!-- javaScriptAlertDemo -->
  <testcase classname="Omnitracs.SeleniumEasyDemo.DatePickerDemoTest" name="BootstrapDatePicker" time="0.0">
    <skipped/>
  </testcase> <!-- BootstrapDatePicker -->
  <testcase classname="Omnitracs.SeleniumEasyDemo.InputFormDemoTest" name="checkBoxDemo" time="0.0">
    <skipped/>
  </testcase> <!-- checkBoxDemo -->
  <testcase classname="Omnitracs.SeleniumEasyDemo.InputFormDemoTest" name="dropDownDemo" time="0.0">
    <skipped/>
  </testcase> <!-- dropDownDemo -->
  <testcase classname="Omnitracs.SeleniumEasyDemo.InputFormDemoTest" name="inputFormDemo" time="0.0">
    <skipped/>
  </testcase> <!-- inputFormDemo -->
  <testcase classname="Omnitracs.SeleniumEasyDemo.InputFormDemoTest" name="radioButtonDemo" time="0.0">
    <skipped/>
  </testcase> <!-- radioButtonDemo -->
  <testcase classname="Omnitracs.SeleniumEasyDemo.InputFormDemoTest" name="sampleInputFormDemo" time="0.0">
    <skipped/>
  </testcase> <!-- sampleInputFormDemo -->
</testsuite> <!-- Test -->
